<?xml version="1.0" encoding="UTF-8"?>
<!-- Generated by org.testng.reporters.JUnitReportReporter -->
<testsuite hostname="DESKTOP-B7I2MM8" failures="0" tests="1" name="testRunners.testRunner" time="61.258" errors="0" timestamp="2024-12-07T11:17:18 IST" skipped="0">
  <testcase classname="testRunners.testRunner" name="runScenario" time="61.258"/>
</testsuite> <!-- testRunners.testRunner -->
