<?xml version="1.0" encoding="UTF-8"?>
<!-- Generated by org.testng.reporters.JUnitReportReporter -->
<testsuite hostname="DESKTOP-B7I2MM8" failures="0" tests="4" name="testRunners.testRunner" time="65.109" errors="0" timestamp="2025-01-17T22:40:39 IST" skipped="0">
  <testcase classname="testRunners.testRunner" name="runScenario" time="16.694"/>
  <testcase classname="testRunners.testRunner" name="runScenario" time="19.159"/>
  <testcase classname="testRunners.testRunner" name="runScenario" time="12.030"/>
  <testcase classname="testRunners.testRunner" name="runScenario" time="17.226"/>
</testsuite> <!-- testRunners.testRunner -->
