<?xml version="1.0" encoding="UTF-8"?>
<!-- Generated by org.testng.reporters.JUnitReportReporter -->
<testsuite hostname="DESKTOP-B7I2MM8" failures="0" tests="2" name="testRunners.testRunner" time="54.152" errors="0" timestamp="2025-01-13T20:32:06 IST" skipped="0">
  <testcase classname="testRunners.testRunner" name="runScenario" time="39.715"/>
  <testcase classname="testRunners.testRunner" name="runScenario" time="14.437"/>
</testsuite> <!-- testRunners.testRunner -->
