<?xml version="1.0" encoding="UTF-8"?>
<!-- Generated by org.testng.reporters.JUnitReportReporter -->
<testsuite hostname="DESKTOP-B7I2MM8" failures="0" tests="4" name="testRunners.TestRunner" time="138.981" errors="0" timestamp="2025-01-18T17:39:36 IST" skipped="0">
  <testcase classname="testRunners.TestRunner" name="runScenario" time="47.266"/>
  <testcase classname="testRunners.TestRunner" name="runScenario" time="30.726"/>
  <testcase classname="testRunners.TestRunner" name="runScenario" time="33.642"/>
  <testcase classname="testRunners.TestRunner" name="runScenario" time="27.347"/>
</testsuite> <!-- testRunners.TestRunner -->
