<?xml version="1.0" encoding="UTF-8"?>
<!-- Generated by org.testng.reporters.JUnitReportReporter -->
<testsuite hostname="DESKTOP-B7I2MM8" failures="0" tests="4" name="testRunners.TestRunner" time="103.304" errors="0" timestamp="2025-01-18T09:16:12 IST" skipped="0">
  <testcase classname="testRunners.TestRunner" name="runScenario" time="49.830"/>
  <testcase classname="testRunners.TestRunner" name="runScenario" time="19.167"/>
  <testcase classname="testRunners.TestRunner" name="runScenario" time="13.282"/>
  <testcase classname="testRunners.TestRunner" name="runScenario" time="21.025"/>
</testsuite> <!-- testRunners.TestRunner -->
