<?xml version="1.0" encoding="UTF-8"?>
<!-- Generated by org.testng.reporters.JUnitReportReporter -->
<testsuite hostname="DESKTOP-B7I2MM8" failures="0" tests="12" name="testRunners.TestRunner" time="686.353" errors="0" timestamp="2025-01-18T17:58:03 IST" skipped="0">
  <testcase classname="testRunners.TestRunner" name="runScenario" time="38.271"/>
  <testcase classname="testRunners.TestRunner" name="runScenario" time="40.265"/>
  <testcase classname="testRunners.TestRunner" name="runScenario" time="26.226"/>
  <testcase classname="testRunners.TestRunner" name="runScenario" time="52.764"/>
  <testcase classname="testRunners.TestRunner" name="runScenario" time="33.724"/>
  <testcase classname="testRunners.TestRunner" name="runScenario" time="49.667"/>
  <testcase classname="testRunners.TestRunner" name="runScenario" time="112.892"/>
  <testcase classname="testRunners.TestRunner" name="runScenario" time="48.943"/>
  <testcase classname="testRunners.TestRunner" name="runScenario" time="69.120"/>
  <testcase classname="testRunners.TestRunner" name="runScenario" time="78.951"/>
  <testcase classname="testRunners.TestRunner" name="runScenario" time="69.031"/>
  <testcase classname="testRunners.TestRunner" name="runScenario" time="66.499"/>
</testsuite> <!-- testRunners.TestRunner -->
