<?xml version="1.0" encoding="UTF-8"?>
<!-- Generated by org.testng.reporters.JUnitReportReporter -->
<testsuite hostname="DESKTOP-B7I2MM8" failures="0" tests="4" name="testRunners.TestRunner" time="70.200" errors="0" timestamp="2025-01-18T12:13:28 IST" skipped="0">
  <testcase classname="testRunners.TestRunner" name="runScenario" time="18.566"/>
  <testcase classname="testRunners.TestRunner" name="runScenario" time="17.860"/>
  <testcase classname="testRunners.TestRunner" name="runScenario" time="14.181"/>
  <testcase classname="testRunners.TestRunner" name="runScenario" time="19.593"/>
</testsuite> <!-- testRunners.TestRunner -->
